port: 27017

node.js:201
        throw e; // process.nextTick error, or 'error' event on first tick
              ^
Error: listen EADDRINUSE
    at errnoException (net.js:646:11)
    at Array.0 (net.js:747:26)
    at EventEmitter._tickCallback (node.js:192:41)
port: 27017

node.js:201
        throw e; // process.nextTick error, or 'error' event on first tick
              ^
Error: listen EADDRINUSE
    at errnoException (net.js:646:11)
    at Array.0 (net.js:747:26)
    at EventEmitter._tickCallback (node.js:192:41)
port: 27017

node.js:201
        throw e; // process.nextTick error, or 'error' event on first tick
              ^
Error: listen EADDRINUSE
    at errnoException (net.js:646:11)
    at Array.0 (net.js:747:26)
    at EventEmitter._tickCallback (node.js:192:41)
port: 27017

node.js:201
        throw e; // process.nextTick error, or 'error' event on first tick
              ^
Error: listen EADDRINUSE
    at errnoException (net.js:646:11)
    at Array.0 (net.js:747:26)
    at EventEmitter._tickCallback (node.js:192:41)
port: 27017

node.js:201
        throw e; // process.nextTick error, or 'error' event on first tick
              ^
Error: listen EADDRINUSE
    at errnoException (net.js:646:11)
    at Array.0 (net.js:747:26)
    at EventEmitter._tickCallback (node.js:192:41)
port: 27017

node.js:201
        throw e; // process.nextTick error, or 'error' event on first tick
              ^
Error: listen EADDRINUSE
    at errnoException (net.js:646:11)
    at Array.0 (net.js:747:26)
    at EventEmitter._tickCallback (node.js:192:41)
port: 27017

node.js:201
        throw e; // process.nextTick error, or 'error' event on first tick
              ^
Error: listen EADDRINUSE
    at errnoException (net.js:646:11)
    at Array.0 (net.js:747:26)
    at EventEmitter._tickCallback (node.js:192:41)
port: 27017

node.js:201
        throw e; // process.nextTick error, or 'error' event on first tick
              ^
Error: listen EADDRINUSE
    at errnoException (net.js:646:11)
    at Array.0 (net.js:747:26)
    at EventEmitter._tickCallback (node.js:192:41)
port: 27017

node.js:201
        throw e; // process.nextTick error, or 'error' event on first tick
              ^
Error: listen EADDRINUSE
    at errnoException (net.js:646:11)
    at Array.0 (net.js:747:26)
    at EventEmitter._tickCallback (node.js:192:41)
port: 27017

node.js:201
        throw e; // process.nextTick error, or 'error' event on first tick
              ^
Error: listen EADDRINUSE
    at errnoException (net.js:646:11)
    at Array.0 (net.js:747:26)
    at EventEmitter._tickCallback (node.js:192:41)
sh: 1: Syntax error: word unexpected
mon : write mon pid to /home/concussed/concussionjs-core/log/samples-mon.pid
mon : child 2059
mon : write pid to /home/concussed/concussionjs-core/log/samples.pid
mon : exit(1)
mon : sleep(1)
mon : last restart less than one second ago
mon : 10 attempts remaining
mon : child 2064
mon : write pid to /home/concussed/concussionjs-core/log/samples.pid
mon : exit(1)
mon : sleep(1)
mon : last restart 2 seconds ago
mon : 9 attempts remaining
mon : child 2069
mon : write pid to /home/concussed/concussionjs-core/log/samples.pid
mon : exit(1)
mon : sleep(1)
mon : last restart 2 seconds ago
mon : 8 attempts remaining
mon : child 2074
mon : write pid to /home/concussed/concussionjs-core/log/samples.pid
mon : exit(1)
mon : sleep(1)
mon : last restart 2 seconds ago
mon : 7 attempts remaining
mon : child 2091
mon : write pid to /home/concussed/concussionjs-core/log/samples.pid
mon : exit(1)
mon : sleep(1)
mon : last restart 4 seconds ago
mon : 6 attempts remaining
mon : child 2098
mon : write pid to /home/concussed/concussionjs-core/log/samples.pid
mon : exit(1)
mon : sleep(1)
mon : last restart 4 seconds ago
mon : 5 attempts remaining
mon : child 2108
mon : write pid to /home/concussed/concussionjs-core/log/samples.pid
mon : exit(1)
mon : sleep(1)
mon : last restart 3 seconds ago
mon : 4 attempts remaining
mon : child 2116
mon : write pid to /home/concussed/concussionjs-core/log/samples.pid
mon : exit(1)
mon : sleep(1)
mon : last restart 4 seconds ago
mon : 3 attempts remaining
mon : child 2129
mon : write pid to /home/concussed/concussionjs-core/log/samples.pid
mon : exit(1)
mon : sleep(1)
mon : last restart 3 seconds ago
mon : 2 attempts remaining
mon : child 2140
mon : write pid to /home/concussed/concussionjs-core/log/samples.pid
mon : exit(1)
mon : sleep(1)
mon : last restart 4 seconds ago
mon : 1 attempts remaining
mon : 10 restarts within 32 seconds, bailing
mon : on error `(null) 2140`
mon : exit(512)
mon : bye :)
port: 27017
port: 27017

node.js:201
        throw e; // process.nextTick error, or 'error' event on first tick
              ^
Error: listen EADDRINUSE
    at errnoException (net.js:646:11)
    at Array.0 (net.js:747:26)
    at EventEmitter._tickCallback (node.js:192:41)
port: 27017

node.js:201
        throw e; // process.nextTick error, or 'error' event on first tick
              ^
Error: listen EADDRINUSE
    at errnoException (net.js:646:11)
    at Array.0 (net.js:747:26)
    at EventEmitter._tickCallback (node.js:192:41)
port: 27017

node.js:201
        throw e; // process.nextTick error, or 'error' event on first tick
              ^
Error: listen EADDRINUSE
    at errnoException (net.js:646:11)
    at Array.0 (net.js:747:26)
    at EventEmitter._tickCallback (node.js:192:41)
port: 27017

node.js:201
        throw e; // process.nextTick error, or 'error' event on first tick
              ^
Error: listen EADDRINUSE
    at errnoException (net.js:646:11)
    at Array.0 (net.js:747:26)
    at EventEmitter._tickCallback (node.js:192:41)
port: 27017

node.js:201
        throw e; // process.nextTick error, or 'error' event on first tick
              ^
Error: listen EADDRINUSE
    at errnoException (net.js:646:11)
    at Array.0 (net.js:747:26)
    at EventEmitter._tickCallback (node.js:192:41)
port: 27017

node.js:201
        throw e; // process.nextTick error, or 'error' event on first tick
              ^
Error: listen EADDRINUSE
    at errnoException (net.js:646:11)
    at Array.0 (net.js:747:26)
    at EventEmitter._tickCallback (node.js:192:41)
port: 27017

node.js:201
        throw e; // process.nextTick error, or 'error' event on first tick
              ^
Error: listen EADDRINUSE
    at errnoException (net.js:646:11)
    at Array.0 (net.js:747:26)
    at EventEmitter._tickCallback (node.js:192:41)
port: 27017

node.js:201
        throw e; // process.nextTick error, or 'error' event on first tick
              ^
Error: listen EADDRINUSE
    at errnoException (net.js:646:11)
    at Array.0 (net.js:747:26)
    at EventEmitter._tickCallback (node.js:192:41)
port: 27017

node.js:201
        throw e; // process.nextTick error, or 'error' event on first tick
              ^
Error: listen EADDRINUSE
    at errnoException (net.js:646:11)
    at Array.0 (net.js:747:26)
    at EventEmitter._tickCallback (node.js:192:41)
port: 27017

node.js:201
        throw e; // process.nextTick error, or 'error' event on first tick
              ^
Error: listen EADDRINUSE
    at errnoException (net.js:646:11)
    at Array.0 (net.js:747:26)
    at EventEmitter._tickCallback (node.js:192:41)
sh: 1: Syntax error: word unexpected
mon : write mon pid to /home/concussed/concussionjs-core/log/samples-mon.pid
mon : child 4168
mon : write pid to /home/concussed/concussionjs-core/log/samples.pid
mon : exit(1)
mon : sleep(1)
mon : last restart less than one second ago
mon : 10 attempts remaining
mon : child 4173
mon : write pid to /home/concussed/concussionjs-core/log/samples.pid
mon : exit(1)
mon : sleep(1)
mon : last restart 2 seconds ago
mon : 9 attempts remaining
mon : child 4178
mon : write pid to /home/concussed/concussionjs-core/log/samples.pid
mon : exit(1)
mon : sleep(1)
mon : last restart 2 seconds ago
mon : 8 attempts remaining
mon : child 4183
mon : write pid to /home/concussed/concussionjs-core/log/samples.pid
mon : exit(1)
mon : sleep(1)
mon : last restart 2 seconds ago
mon : 7 attempts remaining
mon : child 4188
mon : write pid to /home/concussed/concussionjs-core/log/samples.pid
mon : exit(1)
mon : sleep(1)
mon : last restart 2 seconds ago
mon : 6 attempts remaining
mon : child 4193
mon : write pid to /home/concussed/concussionjs-core/log/samples.pid
mon : exit(1)
mon : sleep(1)
mon : last restart 2 seconds ago
mon : 5 attempts remaining
mon : child 4198
mon : write pid to /home/concussed/concussionjs-core/log/samples.pid
mon : exit(1)
mon : sleep(1)
mon : last restart 2 seconds ago
mon : 4 attempts remaining
mon : child 4205
mon : write pid to /home/concussed/concussionjs-core/log/samples.pid
mon : exit(1)
mon : sleep(1)
mon : last restart 2 seconds ago
mon : 3 attempts remaining
mon : child 4210
mon : write pid to /home/concussed/concussionjs-core/log/samples.pid
mon : exit(1)
mon : sleep(1)
mon : last restart 2 seconds ago
mon : 2 attempts remaining
mon : child 4217
mon : write pid to /home/concussed/concussionjs-core/log/samples.pid
mon : exit(1)
mon : sleep(1)
mon : last restart 2 seconds ago
mon : 1 attempts remaining
mon : 10 restarts within 23 seconds, bailing
mon : on error `(null) 4217`
mon : exit(512)
mon : bye :)
port: 27017

node.js:201
        throw e; // process.nextTick error, or 'error' event on first tick
              ^
Error: listen EADDRINUSE
    at errnoException (net.js:646:11)
    at Array.0 (net.js:747:26)
    at EventEmitter._tickCallback (node.js:192:41)
port: 27017

node.js:201
        throw e; // process.nextTick error, or 'error' event on first tick
              ^
Error: listen EADDRINUSE
    at errnoException (net.js:646:11)
    at Array.0 (net.js:747:26)
    at EventEmitter._tickCallback (node.js:192:41)
port: 27017

node.js:201
        throw e; // process.nextTick error, or 'error' event on first tick
              ^
Error: listen EADDRINUSE
    at errnoException (net.js:646:11)
    at Array.0 (net.js:747:26)
    at EventEmitter._tickCallback (node.js:192:41)
port: 27017

node.js:201
        throw e; // process.nextTick error, or 'error' event on first tick
              ^
Error: listen EADDRINUSE
    at errnoException (net.js:646:11)
    at Array.0 (net.js:747:26)
    at EventEmitter._tickCallback (node.js:192:41)
port: 27017

node.js:201
        throw e; // process.nextTick error, or 'error' event on first tick
              ^
Error: listen EADDRINUSE
    at errnoException (net.js:646:11)
    at Array.0 (net.js:747:26)
    at EventEmitter._tickCallback (node.js:192:41)
port: 27017

node.js:201
        throw e; // process.nextTick error, or 'error' event on first tick
              ^
Error: listen EADDRINUSE
    at errnoException (net.js:646:11)
    at Array.0 (net.js:747:26)
    at EventEmitter._tickCallback (node.js:192:41)
port: 27017

node.js:201
        throw e; // process.nextTick error, or 'error' event on first tick
              ^
Error: listen EADDRINUSE
    at errnoException (net.js:646:11)
    at Array.0 (net.js:747:26)
    at EventEmitter._tickCallback (node.js:192:41)
port: 27017

node.js:201
        throw e; // process.nextTick error, or 'error' event on first tick
              ^
Error: listen EADDRINUSE
    at errnoException (net.js:646:11)
    at Array.0 (net.js:747:26)
    at EventEmitter._tickCallback (node.js:192:41)
port: 27017

node.js:201
        throw e; // process.nextTick error, or 'error' event on first tick
              ^
Error: listen EADDRINUSE
    at errnoException (net.js:646:11)
    at Array.0 (net.js:747:26)
    at EventEmitter._tickCallback (node.js:192:41)
port: 27017

node.js:201
        throw e; // process.nextTick error, or 'error' event on first tick
              ^
Error: listen EADDRINUSE
    at errnoException (net.js:646:11)
    at Array.0 (net.js:747:26)
    at EventEmitter._tickCallback (node.js:192:41)
sh: 1: Syntax error: word unexpected
mon : write mon pid to /home/concussed/concussionjs-core/log/samples-mon.pid
mon : child 7184
mon : write pid to /home/concussed/concussionjs-core/log/samples.pid
mon : exit(1)
mon : sleep(1)
mon : last restart less than one second ago
mon : 10 attempts remaining
mon : child 7189
mon : write pid to /home/concussed/concussionjs-core/log/samples.pid
mon : exit(1)
mon : sleep(1)
mon : last restart 2 seconds ago
mon : 9 attempts remaining
mon : child 7197
mon : write pid to /home/concussed/concussionjs-core/log/samples.pid
mon : exit(1)
mon : sleep(1)
mon : last restart 2 seconds ago
mon : 8 attempts remaining
mon : child 7202
mon : write pid to /home/concussed/concussionjs-core/log/samples.pid
mon : exit(1)
mon : sleep(1)
mon : last restart 2 seconds ago
mon : 7 attempts remaining
mon : child 7207
mon : write pid to /home/concussed/concussionjs-core/log/samples.pid
mon : exit(1)
mon : sleep(1)
mon : last restart 2 seconds ago
mon : 6 attempts remaining
mon : child 7212
mon : write pid to /home/concussed/concussionjs-core/log/samples.pid
mon : exit(1)
mon : sleep(1)
mon : last restart 3 seconds ago
mon : 5 attempts remaining
mon : child 7250
mon : write pid to /home/concussed/concussionjs-core/log/samples.pid
mon : exit(1)
mon : sleep(1)
mon : last restart 4 seconds ago
mon : 4 attempts remaining
mon : child 7290
mon : write pid to /home/concussed/concussionjs-core/log/samples.pid
mon : exit(1)
mon : sleep(1)
mon : last restart 4 seconds ago
mon : 3 attempts remaining
mon : child 7322
mon : write pid to /home/concussed/concussionjs-core/log/samples.pid
mon : exit(1)
mon : sleep(1)
mon : last restart 4 seconds ago
mon : 2 attempts remaining
mon : child 7345
mon : write pid to /home/concussed/concussionjs-core/log/samples.pid
mon : exit(1)
mon : sleep(1)
mon : last restart 4 seconds ago
mon : 1 attempts remaining
mon : 10 restarts within 32 seconds, bailing
mon : on error `(null) 7345`
mon : exit(512)
mon : bye :)
port: 27017
127.0.0.1 - - [Sat, 05 Jan 2013 19:49:57 GMT] "GET / HTTP/1.1" 200 - "-" "Mozilla/5.0 (Windows NT 6.1; WOW64) AppleWebKit/537.11 (KHTML, like Gecko) Chrome/23.0.1271.97 Safari/537.11"
127.0.0.1 - - [Sat, 05 Jan 2013 19:49:57 GMT] "GET /favicon.ico HTTP/1.1" 404 - "-" "Mozilla/5.0 (Windows NT 6.1; WOW64) AppleWebKit/537.11 (KHTML, like Gecko) Chrome/23.0.1271.97 Safari/537.11"
127.0.0.1 - - [Sat, 05 Jan 2013 19:50:20 GMT] "GET /twitter-bootstrap-blog HTTP/1.1" 301 - "-" "Mozilla/5.0 (Windows NT 6.1; WOW64) AppleWebKit/537.11 (KHTML, like Gecko) Chrome/23.0.1271.97 Safari/537.11"
127.0.0.1 - - [Sat, 05 Jan 2013 19:50:20 GMT] "GET /twitter-bootstrap-blog/ HTTP/1.1" 200 - "-" "Mozilla/5.0 (Windows NT 6.1; WOW64) AppleWebKit/537.11 (KHTML, like Gecko) Chrome/23.0.1271.97 Safari/537.11"
127.0.0.1 - - [Sat, 05 Jan 2013 19:50:20 GMT] "GET /twitter-bootstrap-blog/assets/css/styles.css HTTP/1.1" 200 - "http://samples.local-concussionjs.com/twitter-bootstrap-blog/" "Mozilla/5.0 (Windows NT 6.1; WOW64) AppleWebKit/537.11 (KHTML, like Gecko) Chrome/23.0.1271.97 Safari/537.11"
127.0.0.1 - - [Sat, 05 Jan 2013 19:50:20 GMT] "GET /twitter-bootstrap-blog/assets/css/bootstrap.css HTTP/1.1" 200 - "http://samples.local-concussionjs.com/twitter-bootstrap-blog/" "Mozilla/5.0 (Windows NT 6.1; WOW64) AppleWebKit/537.11 (KHTML, like Gecko) Chrome/23.0.1271.97 Safari/537.11"
127.0.0.1 - - [Sat, 05 Jan 2013 19:50:20 GMT] "GET /twitter-bootstrap-blog/assets/js/bootstrap.js HTTP/1.1" 200 - "http://samples.local-concussionjs.com/twitter-bootstrap-blog/" "Mozilla/5.0 (Windows NT 6.1; WOW64) AppleWebKit/537.11 (KHTML, like Gecko) Chrome/23.0.1271.97 Safari/537.11"
127.0.0.1 - - [Sat, 05 Jan 2013 19:50:20 GMT] "GET /twitter-bootstrap-blog/assets/css/bootstrap-responsive.css HTTP/1.1" 200 - "http://samples.local-concussionjs.com/twitter-bootstrap-blog/" "Mozilla/5.0 (Windows NT 6.1; WOW64) AppleWebKit/537.11 (KHTML, like Gecko) Chrome/23.0.1271.97 Safari/537.11"
127.0.0.1 - - [Sat, 05 Jan 2013 19:50:20 GMT] "GET /twitter-bootstrap-blog/assets/img/glyphicons-halflings.png HTTP/1.1" 200 12799 "http://samples.local-concussionjs.com/twitter-bootstrap-blog/" "Mozilla/5.0 (Windows NT 6.1; WOW64) AppleWebKit/537.11 (KHTML, like Gecko) Chrome/23.0.1271.97 Safari/537.11"
127.0.0.1 - - [Sat, 05 Jan 2013 19:50:20 GMT] "GET /twitter-bootstrap-blog/assets/img/glyphicons-halflings-white.png HTTP/1.1" 200 8777 "http://samples.local-concussionjs.com/twitter-bootstrap-blog/" "Mozilla/5.0 (Windows NT 6.1; WOW64) AppleWebKit/537.11 (KHTML, like Gecko) Chrome/23.0.1271.97 Safari/537.11"
127.0.0.1 - - [Sat, 05 Jan 2013 19:50:21 GMT] "GET /twitter-bootstrap-blog/assets/ico/favicon.ico HTTP/1.1" 404 - "-" "Mozilla/5.0 (Windows NT 6.1; WOW64) AppleWebKit/537.11 (KHTML, like Gecko) Chrome/23.0.1271.97 Safari/537.11"
127.0.0.1 - - [Sat, 05 Jan 2013 19:50:49 GMT] "GET /twitter-bootstrap-blog/? HTTP/1.1" 200 - "http://samples.local-concussionjs.com/twitter-bootstrap-blog/" "Mozilla/5.0 (Windows NT 6.1; WOW64) AppleWebKit/537.11 (KHTML, like Gecko) Chrome/23.0.1271.97 Safari/537.11"
127.0.0.1 - - [Sat, 05 Jan 2013 19:50:49 GMT] "GET /twitter-bootstrap-blog/assets/js/bootstrap.js HTTP/1.1" 304 - "http://samples.local-concussionjs.com/twitter-bootstrap-blog/?" "Mozilla/5.0 (Windows NT 6.1; WOW64) AppleWebKit/537.11 (KHTML, like Gecko) Chrome/23.0.1271.97 Safari/537.11"
127.0.0.1 - - [Sat, 05 Jan 2013 19:50:49 GMT] "GET /twitter-bootstrap-blog/assets/css/bootstrap-responsive.css HTTP/1.1" 304 - "http://samples.local-concussionjs.com/twitter-bootstrap-blog/?" "Mozilla/5.0 (Windows NT 6.1; WOW64) AppleWebKit/537.11 (KHTML, like Gecko) Chrome/23.0.1271.97 Safari/537.11"
127.0.0.1 - - [Sat, 05 Jan 2013 19:50:49 GMT] "GET /twitter-bootstrap-blog/assets/css/styles.css HTTP/1.1" 304 - "http://samples.local-concussionjs.com/twitter-bootstrap-blog/?" "Mozilla/5.0 (Windows NT 6.1; WOW64) AppleWebKit/537.11 (KHTML, like Gecko) Chrome/23.0.1271.97 Safari/537.11"
127.0.0.1 - - [Sat, 05 Jan 2013 19:50:49 GMT] "GET /twitter-bootstrap-blog/assets/css/bootstrap.css HTTP/1.1" 304 - "http://samples.local-concussionjs.com/twitter-bootstrap-blog/?" "Mozilla/5.0 (Windows NT 6.1; WOW64) AppleWebKit/537.11 (KHTML, like Gecko) Chrome/23.0.1271.97 Safari/537.11"
127.0.0.1 - - [Sat, 05 Jan 2013 19:50:50 GMT] "GET /twitter-bootstrap-blog/assets/ico/favicon.ico HTTP/1.1" 404 - "-" "Mozilla/5.0 (Windows NT 6.1; WOW64) AppleWebKit/537.11 (KHTML, like Gecko) Chrome/23.0.1271.97 Safari/537.11"
127.0.0.1 - - [Sat, 05 Jan 2013 19:50:56 GMT] "GET /twitter-bootstrap-blog/? HTTP/1.1" 304 - "http://samples.local-concussionjs.com/twitter-bootstrap-blog/" "Mozilla/5.0 (Windows NT 6.1; WOW64) AppleWebKit/537.11 (KHTML, like Gecko) Chrome/23.0.1271.97 Safari/537.11"
127.0.0.1 - - [Sat, 05 Jan 2013 19:50:56 GMT] "GET /twitter-bootstrap-blog/assets/js/bootstrap.js HTTP/1.1" 304 - "http://samples.local-concussionjs.com/twitter-bootstrap-blog/?" "Mozilla/5.0 (Windows NT 6.1; WOW64) AppleWebKit/537.11 (KHTML, like Gecko) Chrome/23.0.1271.97 Safari/537.11"
127.0.0.1 - - [Sat, 05 Jan 2013 19:50:56 GMT] "GET /twitter-bootstrap-blog/assets/css/bootstrap.css HTTP/1.1" 304 - "http://samples.local-concussionjs.com/twitter-bootstrap-blog/?" "Mozilla/5.0 (Windows NT 6.1; WOW64) AppleWebKit/537.11 (KHTML, like Gecko) Chrome/23.0.1271.97 Safari/537.11"
127.0.0.1 - - [Sat, 05 Jan 2013 19:50:56 GMT] "GET /twitter-bootstrap-blog/assets/css/bootstrap-responsive.css HTTP/1.1" 304 - "http://samples.local-concussionjs.com/twitter-bootstrap-blog/?" "Mozilla/5.0 (Windows NT 6.1; WOW64) AppleWebKit/537.11 (KHTML, like Gecko) Chrome/23.0.1271.97 Safari/537.11"
127.0.0.1 - - [Sat, 05 Jan 2013 19:50:56 GMT] "GET /twitter-bootstrap-blog/assets/css/styles.css HTTP/1.1" 304 - "http://samples.local-concussionjs.com/twitter-bootstrap-blog/?" "Mozilla/5.0 (Windows NT 6.1; WOW64) AppleWebKit/537.11 (KHTML, like Gecko) Chrome/23.0.1271.97 Safari/537.11"
127.0.0.1 - - [Sat, 05 Jan 2013 19:50:56 GMT] "GET /twitter-bootstrap-blog/assets/ico/favicon.ico HTTP/1.1" 404 - "-" "Mozilla/5.0 (Windows NT 6.1; WOW64) AppleWebKit/537.11 (KHTML, like Gecko) Chrome/23.0.1271.97 Safari/537.11"
127.0.0.1 - - [Sat, 05 Jan 2013 19:51:42 GMT] "GET /twitter-bootstrap-blog/index.html HTTP/1.1" 200 - "-" "Mozilla/5.0 (Windows NT 6.1; WOW64) AppleWebKit/537.11 (KHTML, like Gecko) Chrome/23.0.1271.97 Safari/537.11"
127.0.0.1 - - [Sat, 05 Jan 2013 19:51:42 GMT] "GET /twitter-bootstrap-blog/assets/css/bootstrap.css HTTP/1.1" 304 - "http://samples.local-concussionjs.com/twitter-bootstrap-blog/index.html" "Mozilla/5.0 (Windows NT 6.1; WOW64) AppleWebKit/537.11 (KHTML, like Gecko) Chrome/23.0.1271.97 Safari/537.11"
127.0.0.1 - - [Sat, 05 Jan 2013 19:51:42 GMT] "GET /twitter-bootstrap-blog/assets/js/bootstrap.js HTTP/1.1" 304 - "http://samples.local-concussionjs.com/twitter-bootstrap-blog/index.html" "Mozilla/5.0 (Windows NT 6.1; WOW64) AppleWebKit/537.11 (KHTML, like Gecko) Chrome/23.0.1271.97 Safari/537.11"
127.0.0.1 - - [Sat, 05 Jan 2013 19:51:42 GMT] "GET /twitter-bootstrap-blog/assets/css/bootstrap-responsive.css HTTP/1.1" 304 - "http://samples.local-concussionjs.com/twitter-bootstrap-blog/index.html" "Mozilla/5.0 (Windows NT 6.1; WOW64) AppleWebKit/537.11 (KHTML, like Gecko) Chrome/23.0.1271.97 Safari/537.11"
127.0.0.1 - - [Sat, 05 Jan 2013 19:51:42 GMT] "GET /twitter-bootstrap-blog/assets/css/styles.css HTTP/1.1" 304 - "http://samples.local-concussionjs.com/twitter-bootstrap-blog/index.html" "Mozilla/5.0 (Windows NT 6.1; WOW64) AppleWebKit/537.11 (KHTML, like Gecko) Chrome/23.0.1271.97 Safari/537.11"
127.0.0.1 - - [Sat, 05 Jan 2013 19:51:43 GMT] "GET /twitter-bootstrap-blog/assets/ico/favicon.ico HTTP/1.1" 404 - "-" "Mozilla/5.0 (Windows NT 6.1; WOW64) AppleWebKit/537.11 (KHTML, like Gecko) Chrome/23.0.1271.97 Safari/537.11"
127.0.0.1 - - [Sat, 05 Jan 2013 19:56:13 GMT] "GET /twitter-bootstrap-blog/index.html HTTP/1.1" 304 - "-" "Mozilla/5.0 (Windows NT 6.1; WOW64) AppleWebKit/537.11 (KHTML, like Gecko) Chrome/23.0.1271.97 Safari/537.11"
127.0.0.1 - - [Sat, 05 Jan 2013 19:56:14 GMT] "GET /twitter-bootstrap-blog/assets/css/bootstrap.css HTTP/1.1" 304 - "http://samples.local-concussionjs.com/twitter-bootstrap-blog/index.html" "Mozilla/5.0 (Windows NT 6.1; WOW64) AppleWebKit/537.11 (KHTML, like Gecko) Chrome/23.0.1271.97 Safari/537.11"
127.0.0.1 - - [Sat, 05 Jan 2013 19:56:14 GMT] "GET /twitter-bootstrap-blog/assets/css/styles.css HTTP/1.1" 304 - "http://samples.local-concussionjs.com/twitter-bootstrap-blog/index.html" "Mozilla/5.0 (Windows NT 6.1; WOW64) AppleWebKit/537.11 (KHTML, like Gecko) Chrome/23.0.1271.97 Safari/537.11"
127.0.0.1 - - [Sat, 05 Jan 2013 19:56:14 GMT] "GET /twitter-bootstrap-blog/assets/css/bootstrap-responsive.css HTTP/1.1" 304 - "http://samples.local-concussionjs.com/twitter-bootstrap-blog/index.html" "Mozilla/5.0 (Windows NT 6.1; WOW64) AppleWebKit/537.11 (KHTML, like Gecko) Chrome/23.0.1271.97 Safari/537.11"
127.0.0.1 - - [Sat, 05 Jan 2013 19:56:14 GMT] "GET /twitter-bootstrap-blog/assets/js/bootstrap.js HTTP/1.1" 304 - "http://samples.local-concussionjs.com/twitter-bootstrap-blog/index.html" "Mozilla/5.0 (Windows NT 6.1; WOW64) AppleWebKit/537.11 (KHTML, like Gecko) Chrome/23.0.1271.97 Safari/537.11"
127.0.0.1 - - [Sat, 05 Jan 2013 19:56:14 GMT] "GET /twitter-bootstrap-blog/assets/ico/favicon.ico HTTP/1.1" 404 - "-" "Mozilla/5.0 (Windows NT 6.1; WOW64) AppleWebKit/537.11 (KHTML, like Gecko) Chrome/23.0.1271.97 Safari/537.11"
127.0.0.1 - - [Sat, 05 Jan 2013 19:57:40 GMT] "GET /twitter-bootstrap-blog/index.html HTTP/1.1" 304 - "-" "Mozilla/5.0 (Windows NT 6.1; WOW64) AppleWebKit/537.11 (KHTML, like Gecko) Chrome/23.0.1271.97 Safari/537.11"
127.0.0.1 - - [Sat, 05 Jan 2013 19:57:40 GMT] "GET /twitter-bootstrap-blog/assets/css/bootstrap.css HTTP/1.1" 304 - "http://samples.local-concussionjs.com/twitter-bootstrap-blog/index.html" "Mozilla/5.0 (Windows NT 6.1; WOW64) AppleWebKit/537.11 (KHTML, like Gecko) Chrome/23.0.1271.97 Safari/537.11"
127.0.0.1 - - [Sat, 05 Jan 2013 19:57:40 GMT] "GET /twitter-bootstrap-blog/assets/css/bootstrap-responsive.css HTTP/1.1" 304 - "http://samples.local-concussionjs.com/twitter-bootstrap-blog/index.html" "Mozilla/5.0 (Windows NT 6.1; WOW64) AppleWebKit/537.11 (KHTML, like Gecko) Chrome/23.0.1271.97 Safari/537.11"
127.0.0.1 - - [Sat, 05 Jan 2013 19:57:40 GMT] "GET /twitter-bootstrap-blog/assets/css/styles.css HTTP/1.1" 304 - "http://samples.local-concussionjs.com/twitter-bootstrap-blog/index.html" "Mozilla/5.0 (Windows NT 6.1; WOW64) AppleWebKit/537.11 (KHTML, like Gecko) Chrome/23.0.1271.97 Safari/537.11"
127.0.0.1 - - [Sat, 05 Jan 2013 19:57:40 GMT] "GET /twitter-bootstrap-blog/assets/js/bootstrap.js HTTP/1.1" 304 - "http://samples.local-concussionjs.com/twitter-bootstrap-blog/index.html" "Mozilla/5.0 (Windows NT 6.1; WOW64) AppleWebKit/537.11 (KHTML, like Gecko) Chrome/23.0.1271.97 Safari/537.11"
127.0.0.1 - - [Sat, 05 Jan 2013 19:57:40 GMT] "GET /twitter-bootstrap-blog/assets/ico/favicon.ico HTTP/1.1" 404 - "-" "Mozilla/5.0 (Windows NT 6.1; WOW64) AppleWebKit/537.11 (KHTML, like Gecko) Chrome/23.0.1271.97 Safari/537.11"
127.0.0.1 - - [Sat, 05 Jan 2013 19:58:16 GMT] "GET /twitter-bootstrap-blog/assets/ico/favicon.ico HTTP/1.1" 404 - "-" "Mozilla/5.0 (Windows NT 6.1; WOW64) AppleWebKit/537.11 (KHTML, like Gecko) Chrome/23.0.1271.97 Safari/537.11"
127.0.0.1 - - [Sat, 05 Jan 2013 19:58:16 GMT] "GET /twitter-bootstrap-blog/assets/ico/favicon.ico HTTP/1.1" 404 - "-" "Mozilla/5.0 (Windows NT 6.1; WOW64) AppleWebKit/537.11 (KHTML, like Gecko) Chrome/23.0.1271.97 Safari/537.11"
127.0.0.1 - - [Sat, 05 Jan 2013 19:58:17 GMT] "GET /twitter-bootstrap-blog/assets/ico/favicon.ico HTTP/1.1" 404 - "-" "Mozilla/5.0 (Windows NT 6.1; WOW64) AppleWebKit/537.11 (KHTML, like Gecko) Chrome/23.0.1271.97 Safari/537.11"
127.0.0.1 - - [Sat, 05 Jan 2013 19:58:17 GMT] "GET /twitter-bootstrap-blog/assets/ico/favicon.ico HTTP/1.1" 404 - "-" "Mozilla/5.0 (Windows NT 6.1; WOW64) AppleWebKit/537.11 (KHTML, like Gecko) Chrome/23.0.1271.97 Safari/537.11"
127.0.0.1 - - [Sat, 05 Jan 2013 19:58:17 GMT] "GET /twitter-bootstrap-blog/assets/ico/favicon.ico HTTP/1.1" 404 - "-" "Mozilla/5.0 (Windows NT 6.1; WOW64) AppleWebKit/537.11 (KHTML, like Gecko) Chrome/23.0.1271.97 Safari/537.11"
127.0.0.1 - - [Sat, 05 Jan 2013 19:58:17 GMT] "GET /twitter-bootstrap-blog/assets/ico/favicon.ico HTTP/1.1" 404 - "-" "Mozilla/5.0 (Windows NT 6.1; WOW64) AppleWebKit/537.11 (KHTML, like Gecko) Chrome/23.0.1271.97 Safari/537.11"
127.0.0.1 - - [Sat, 05 Jan 2013 19:58:18 GMT] "GET /twitter-bootstrap-blog/assets/ico/favicon.ico HTTP/1.1" 404 - "-" "Mozilla/5.0 (Windows NT 6.1; WOW64) AppleWebKit/537.11 (KHTML, like Gecko) Chrome/23.0.1271.97 Safari/537.11"
127.0.0.1 - - [Sat, 05 Jan 2013 19:58:18 GMT] "GET /twitter-bootstrap-blog/assets/ico/favicon.ico HTTP/1.1" 404 - "-" "Mozilla/5.0 (Windows NT 6.1; WOW64) AppleWebKit/537.11 (KHTML, like Gecko) Chrome/23.0.1271.97 Safari/537.11"
127.0.0.1 - - [Sat, 05 Jan 2013 19:58:52 GMT] "GET /twitter-bootstrap-blog/assets/ico/favicon.ico HTTP/1.1" 404 - "-" "Mozilla/5.0 (Windows NT 6.1; WOW64) AppleWebKit/537.11 (KHTML, like Gecko) Chrome/23.0.1271.97 Safari/537.11"
127.0.0.1 - - [Sat, 05 Jan 2013 19:58:55 GMT] "GET /twitter-bootstrap-blog/assets/ico/favicon.ico HTTP/1.1" 404 - "-" "Mozilla/5.0 (Windows NT 6.1; WOW64) AppleWebKit/537.11 (KHTML, like Gecko) Chrome/23.0.1271.97 Safari/537.11"
127.0.0.1 - - [Sat, 05 Jan 2013 19:58:56 GMT] "GET /twitter-bootstrap-blog/assets/ico/favicon.ico HTTP/1.1" 404 - "-" "Mozilla/5.0 (Windows NT 6.1; WOW64) AppleWebKit/537.11 (KHTML, like Gecko) Chrome/23.0.1271.97 Safari/537.11"
127.0.0.1 - - [Sat, 05 Jan 2013 19:59:12 GMT] "GET /twitter-bootstrap-blog/assets/ico/favicon.ico HTTP/1.1" 404 - "-" "Mozilla/5.0 (Windows NT 6.1; WOW64) AppleWebKit/537.11 (KHTML, like Gecko) Chrome/23.0.1271.97 Safari/537.11"
127.0.0.1 - - [Sat, 05 Jan 2013 19:59:28 GMT] "GET /twitter-bootstrap-blog/index.html HTTP/1.1" 304 - "-" "Mozilla/5.0 (Windows NT 6.1; WOW64) AppleWebKit/537.11 (KHTML, like Gecko) Chrome/23.0.1271.97 Safari/537.11"
127.0.0.1 - - [Sat, 05 Jan 2013 19:59:28 GMT] "GET /twitter-bootstrap-blog/assets/css/bootstrap.css HTTP/1.1" 304 - "http://samples.local-concussionjs.com/twitter-bootstrap-blog/index.html" "Mozilla/5.0 (Windows NT 6.1; WOW64) AppleWebKit/537.11 (KHTML, like Gecko) Chrome/23.0.1271.97 Safari/537.11"
127.0.0.1 - - [Sat, 05 Jan 2013 19:59:28 GMT] "GET /twitter-bootstrap-blog/assets/css/bootstrap-responsive.css HTTP/1.1" 304 - "http://samples.local-concussionjs.com/twitter-bootstrap-blog/index.html" "Mozilla/5.0 (Windows NT 6.1; WOW64) AppleWebKit/537.11 (KHTML, like Gecko) Chrome/23.0.1271.97 Safari/537.11"
127.0.0.1 - - [Sat, 05 Jan 2013 19:59:28 GMT] "GET /twitter-bootstrap-blog/assets/css/styles.css HTTP/1.1" 304 - "http://samples.local-concussionjs.com/twitter-bootstrap-blog/index.html" "Mozilla/5.0 (Windows NT 6.1; WOW64) AppleWebKit/537.11 (KHTML, like Gecko) Chrome/23.0.1271.97 Safari/537.11"
127.0.0.1 - - [Sat, 05 Jan 2013 19:59:28 GMT] "GET /twitter-bootstrap-blog/assets/js/bootstrap.js HTTP/1.1" 304 - "http://samples.local-concussionjs.com/twitter-bootstrap-blog/index.html" "Mozilla/5.0 (Windows NT 6.1; WOW64) AppleWebKit/537.11 (KHTML, like Gecko) Chrome/23.0.1271.97 Safari/537.11"
127.0.0.1 - - [Sat, 05 Jan 2013 19:59:29 GMT] "GET /twitter-bootstrap-blog/assets/ico/favicon.ico HTTP/1.1" 404 - "-" "Mozilla/5.0 (Windows NT 6.1; WOW64) AppleWebKit/537.11 (KHTML, like Gecko) Chrome/23.0.1271.97 Safari/537.11"
127.0.0.1 - - [Sat, 05 Jan 2013 20:00:56 GMT] "GET /twitter-bootstrap-blog/index.html HTTP/1.1" 304 - "-" "Mozilla/5.0 (Windows NT 6.1; WOW64) AppleWebKit/537.11 (KHTML, like Gecko) Chrome/23.0.1271.97 Safari/537.11"
127.0.0.1 - - [Sat, 05 Jan 2013 20:00:56 GMT] "GET /twitter-bootstrap-blog/assets/js/bootstrap.js HTTP/1.1" 304 - "http://samples.local-concussionjs.com/twitter-bootstrap-blog/index.html" "Mozilla/5.0 (Windows NT 6.1; WOW64) AppleWebKit/537.11 (KHTML, like Gecko) Chrome/23.0.1271.97 Safari/537.11"
127.0.0.1 - - [Sat, 05 Jan 2013 20:00:56 GMT] "GET /twitter-bootstrap-blog/assets/css/bootstrap.css HTTP/1.1" 304 - "http://samples.local-concussionjs.com/twitter-bootstrap-blog/index.html" "Mozilla/5.0 (Windows NT 6.1; WOW64) AppleWebKit/537.11 (KHTML, like Gecko) Chrome/23.0.1271.97 Safari/537.11"
127.0.0.1 - - [Sat, 05 Jan 2013 20:00:56 GMT] "GET /twitter-bootstrap-blog/assets/css/bootstrap-responsive.css HTTP/1.1" 304 - "http://samples.local-concussionjs.com/twitter-bootstrap-blog/index.html" "Mozilla/5.0 (Windows NT 6.1; WOW64) AppleWebKit/537.11 (KHTML, like Gecko) Chrome/23.0.1271.97 Safari/537.11"
127.0.0.1 - - [Sat, 05 Jan 2013 20:00:56 GMT] "GET /twitter-bootstrap-blog/assets/css/styles.css HTTP/1.1" 304 - "http://samples.local-concussionjs.com/twitter-bootstrap-blog/index.html" "Mozilla/5.0 (Windows NT 6.1; WOW64) AppleWebKit/537.11 (KHTML, like Gecko) Chrome/23.0.1271.97 Safari/537.11"
127.0.0.1 - - [Sat, 05 Jan 2013 20:00:56 GMT] "GET /twitter-bootstrap-blog/assets/ico/favicon.ico HTTP/1.1" 404 - "-" "Mozilla/5.0 (Windows NT 6.1; WOW64) AppleWebKit/537.11 (KHTML, like Gecko) Chrome/23.0.1271.97 Safari/537.11"
127.0.0.1 - - [Sat, 05 Jan 2013 20:01:01 GMT] "GET / HTTP/1.1" 200 - "-" "Mozilla/5.0 (Windows NT 6.1; WOW64) AppleWebKit/537.11 (KHTML, like Gecko) Chrome/23.0.1271.97 Safari/537.11"
127.0.0.1 - - [Sat, 05 Jan 2013 20:01:01 GMT] "GET /favicon.ico HTTP/1.1" 404 - "-" "Mozilla/5.0 (Windows NT 6.1; WOW64) AppleWebKit/537.11 (KHTML, like Gecko) Chrome/23.0.1271.97 Safari/537.11"
127.0.0.1 - - [Sat, 05 Jan 2013 20:01:03 GMT] "GET /twitter-bootstrap-blog/ HTTP/1.1" 200 - "http://samples.local-concussionjs.com/" "Mozilla/5.0 (Windows NT 6.1; WOW64) AppleWebKit/537.11 (KHTML, like Gecko) Chrome/23.0.1271.97 Safari/537.11"
127.0.0.1 - - [Sat, 05 Jan 2013 20:01:03 GMT] "GET /twitter-bootstrap-blog/assets/css/bootstrap.css HTTP/1.1" 304 - "http://samples.local-concussionjs.com/twitter-bootstrap-blog/" "Mozilla/5.0 (Windows NT 6.1; WOW64) AppleWebKit/537.11 (KHTML, like Gecko) Chrome/23.0.1271.97 Safari/537.11"
127.0.0.1 - - [Sat, 05 Jan 2013 20:01:03 GMT] "GET /twitter-bootstrap-blog/assets/css/styles.css HTTP/1.1" 304 - "http://samples.local-concussionjs.com/twitter-bootstrap-blog/" "Mozilla/5.0 (Windows NT 6.1; WOW64) AppleWebKit/537.11 (KHTML, like Gecko) Chrome/23.0.1271.97 Safari/537.11"
127.0.0.1 - - [Sat, 05 Jan 2013 20:01:03 GMT] "GET /twitter-bootstrap-blog/assets/js/bootstrap.js HTTP/1.1" 304 - "http://samples.local-concussionjs.com/twitter-bootstrap-blog/" "Mozilla/5.0 (Windows NT 6.1; WOW64) AppleWebKit/537.11 (KHTML, like Gecko) Chrome/23.0.1271.97 Safari/537.11"
127.0.0.1 - - [Sat, 05 Jan 2013 20:01:03 GMT] "GET /twitter-bootstrap-blog/assets/css/bootstrap-responsive.css HTTP/1.1" 304 - "http://samples.local-concussionjs.com/twitter-bootstrap-blog/" "Mozilla/5.0 (Windows NT 6.1; WOW64) AppleWebKit/537.11 (KHTML, like Gecko) Chrome/23.0.1271.97 Safari/537.11"
127.0.0.1 - - [Sat, 05 Jan 2013 20:01:04 GMT] "GET /twitter-bootstrap-blog/assets/ico/favicon.ico HTTP/1.1" 404 - "-" "Mozilla/5.0 (Windows NT 6.1; WOW64) AppleWebKit/537.11 (KHTML, like Gecko) Chrome/23.0.1271.97 Safari/537.11"
127.0.0.1 - - [Sat, 05 Jan 2013 20:01:17 GMT] "GET / HTTP/1.1" 200 - "-" "Mozilla/5.0 (Windows NT 6.1; WOW64) AppleWebKit/537.11 (KHTML, like Gecko) Chrome/23.0.1271.97 Safari/537.11"
127.0.0.1 - - [Sat, 05 Jan 2013 20:01:17 GMT] "GET /favicon.ico HTTP/1.1" 404 - "-" "Mozilla/5.0 (Windows NT 6.1; WOW64) AppleWebKit/537.11 (KHTML, like Gecko) Chrome/23.0.1271.97 Safari/537.11"
127.0.0.1 - - [Sat, 05 Jan 2013 20:02:33 GMT] "GET /twitter-bootstrap-blog/ HTTP/1.1" 304 - "http://samples.local-concussionjs.com/" "Mozilla/5.0 (Windows NT 6.1; WOW64) AppleWebKit/537.11 (KHTML, like Gecko) Chrome/23.0.1271.97 Safari/537.11"
127.0.0.1 - - [Sat, 05 Jan 2013 20:02:33 GMT] "GET /twitter-bootstrap-blog/assets/css/bootstrap.css HTTP/1.1" 304 - "http://samples.local-concussionjs.com/twitter-bootstrap-blog/" "Mozilla/5.0 (Windows NT 6.1; WOW64) AppleWebKit/537.11 (KHTML, like Gecko) Chrome/23.0.1271.97 Safari/537.11"
127.0.0.1 - - [Sat, 05 Jan 2013 20:02:33 GMT] "GET /twitter-bootstrap-blog/assets/js/bootstrap.js HTTP/1.1" 304 - "http://samples.local-concussionjs.com/twitter-bootstrap-blog/" "Mozilla/5.0 (Windows NT 6.1; WOW64) AppleWebKit/537.11 (KHTML, like Gecko) Chrome/23.0.1271.97 Safari/537.11"
127.0.0.1 - - [Sat, 05 Jan 2013 20:02:33 GMT] "GET /twitter-bootstrap-blog/assets/css/bootstrap-responsive.css HTTP/1.1" 304 - "http://samples.local-concussionjs.com/twitter-bootstrap-blog/" "Mozilla/5.0 (Windows NT 6.1; WOW64) AppleWebKit/537.11 (KHTML, like Gecko) Chrome/23.0.1271.97 Safari/537.11"
127.0.0.1 - - [Sat, 05 Jan 2013 20:02:33 GMT] "GET /twitter-bootstrap-blog/assets/css/styles.css HTTP/1.1" 304 - "http://samples.local-concussionjs.com/twitter-bootstrap-blog/" "Mozilla/5.0 (Windows NT 6.1; WOW64) AppleWebKit/537.11 (KHTML, like Gecko) Chrome/23.0.1271.97 Safari/537.11"
127.0.0.1 - - [Sat, 05 Jan 2013 20:02:34 GMT] "GET /twitter-bootstrap-blog/assets/ico/favicon.ico HTTP/1.1" 404 - "-" "Mozilla/5.0 (Windows NT 6.1; WOW64) AppleWebKit/537.11 (KHTML, like Gecko) Chrome/23.0.1271.97 Safari/537.11"
port: 27017
127.0.0.1 - - [Sun, 06 Jan 2013 01:50:34 GMT] "GET / HTTP/1.1" 200 - "-" "Mozilla/5.0 (Windows NT 6.1; WOW64) AppleWebKit/537.11 (KHTML, like Gecko) Chrome/23.0.1271.97 Safari/537.11"
127.0.0.1 - - [Sun, 06 Jan 2013 01:50:34 GMT] "GET /favicon.ico HTTP/1.1" 404 - "-" "Mozilla/5.0 (Windows NT 6.1; WOW64) AppleWebKit/537.11 (KHTML, like Gecko) Chrome/23.0.1271.97 Safari/537.11"
127.0.0.1 - - [Sun, 06 Jan 2013 01:50:35 GMT] "GET /twitter-bootstrap-blog HTTP/1.1" 301 - "http://samples.local-concussionjs.com/" "Mozilla/5.0 (Windows NT 6.1; WOW64) AppleWebKit/537.11 (KHTML, like Gecko) Chrome/23.0.1271.97 Safari/537.11"
127.0.0.1 - - [Sun, 06 Jan 2013 01:50:36 GMT] "GET /twitter-bootstrap-blog/ HTTP/1.1" 200 - "http://samples.local-concussionjs.com/" "Mozilla/5.0 (Windows NT 6.1; WOW64) AppleWebKit/537.11 (KHTML, like Gecko) Chrome/23.0.1271.97 Safari/537.11"
127.0.0.1 - - [Sun, 06 Jan 2013 01:50:36 GMT] "GET /twitter-bootstrap-blog/assets/css/styles.css HTTP/1.1" 200 - "http://samples.local-concussionjs.com/twitter-bootstrap-blog/" "Mozilla/5.0 (Windows NT 6.1; WOW64) AppleWebKit/537.11 (KHTML, like Gecko) Chrome/23.0.1271.97 Safari/537.11"
127.0.0.1 - - [Sun, 06 Jan 2013 01:50:36 GMT] "GET /twitter-bootstrap-blog/assets/css/bootstrap.css HTTP/1.1" 200 - "http://samples.local-concussionjs.com/twitter-bootstrap-blog/" "Mozilla/5.0 (Windows NT 6.1; WOW64) AppleWebKit/537.11 (KHTML, like Gecko) Chrome/23.0.1271.97 Safari/537.11"
127.0.0.1 - - [Sun, 06 Jan 2013 01:50:36 GMT] "GET /twitter-bootstrap-blog/assets/css/bootstrap-responsive.css HTTP/1.1" 200 - "http://samples.local-concussionjs.com/twitter-bootstrap-blog/" "Mozilla/5.0 (Windows NT 6.1; WOW64) AppleWebKit/537.11 (KHTML, like Gecko) Chrome/23.0.1271.97 Safari/537.11"
127.0.0.1 - - [Sun, 06 Jan 2013 01:50:36 GMT] "GET /twitter-bootstrap-blog/assets/js/bootstrap.js HTTP/1.1" 200 - "http://samples.local-concussionjs.com/twitter-bootstrap-blog/" "Mozilla/5.0 (Windows NT 6.1; WOW64) AppleWebKit/537.11 (KHTML, like Gecko) Chrome/23.0.1271.97 Safari/537.11"
127.0.0.1 - - [Sun, 06 Jan 2013 01:50:36 GMT] "GET /twitter-bootstrap-blog/assets/img/glyphicons-halflings.png HTTP/1.1" 200 12799 "http://samples.local-concussionjs.com/twitter-bootstrap-blog/" "Mozilla/5.0 (Windows NT 6.1; WOW64) AppleWebKit/537.11 (KHTML, like Gecko) Chrome/23.0.1271.97 Safari/537.11"
127.0.0.1 - - [Sun, 06 Jan 2013 01:50:36 GMT] "GET /twitter-bootstrap-blog/assets/img/glyphicons-halflings-white.png HTTP/1.1" 200 8777 "http://samples.local-concussionjs.com/twitter-bootstrap-blog/" "Mozilla/5.0 (Windows NT 6.1; WOW64) AppleWebKit/537.11 (KHTML, like Gecko) Chrome/23.0.1271.97 Safari/537.11"
127.0.0.1 - - [Sun, 06 Jan 2013 01:50:38 GMT] "GET /twitter-bootstrap-blog/assets/ico/favicon.ico HTTP/1.1" 404 - "-" "Mozilla/5.0 (Windows NT 6.1; WOW64) AppleWebKit/537.11 (KHTML, like Gecko) Chrome/23.0.1271.97 Safari/537.11"
127.0.0.1 - - [Sun, 06 Jan 2013 01:50:55 GMT] "GET /favicon.ico HTTP/1.1" 404 - "-" "Mozilla/5.0 (Windows NT 6.1; WOW64) AppleWebKit/537.11 (KHTML, like Gecko) Chrome/23.0.1271.97 Safari/537.11"
127.0.0.1 - - [Sun, 06 Jan 2013 01:52:09 GMT] "GET /twitter-bootstrap-blog/ HTTP/1.1" 304 - "http://samples.local-concussionjs.com/" "Mozilla/5.0 (Windows NT 6.1; WOW64) AppleWebKit/537.11 (KHTML, like Gecko) Chrome/23.0.1271.97 Safari/537.11"
127.0.0.1 - - [Sun, 06 Jan 2013 01:52:09 GMT] "GET /twitter-bootstrap-blog/assets/css/bootstrap.css HTTP/1.1" 304 - "http://samples.local-concussionjs.com/twitter-bootstrap-blog/" "Mozilla/5.0 (Windows NT 6.1; WOW64) AppleWebKit/537.11 (KHTML, like Gecko) Chrome/23.0.1271.97 Safari/537.11"
127.0.0.1 - - [Sun, 06 Jan 2013 01:52:09 GMT] "GET /twitter-bootstrap-blog/assets/js/bootstrap.js HTTP/1.1" 304 - "http://samples.local-concussionjs.com/twitter-bootstrap-blog/" "Mozilla/5.0 (Windows NT 6.1; WOW64) AppleWebKit/537.11 (KHTML, like Gecko) Chrome/23.0.1271.97 Safari/537.11"
127.0.0.1 - - [Sun, 06 Jan 2013 01:52:09 GMT] "GET /twitter-bootstrap-blog/assets/css/bootstrap-responsive.css HTTP/1.1" 304 - "http://samples.local-concussionjs.com/twitter-bootstrap-blog/" "Mozilla/5.0 (Windows NT 6.1; WOW64) AppleWebKit/537.11 (KHTML, like Gecko) Chrome/23.0.1271.97 Safari/537.11"
127.0.0.1 - - [Sun, 06 Jan 2013 01:52:09 GMT] "GET /twitter-bootstrap-blog/assets/css/styles.css HTTP/1.1" 304 - "http://samples.local-concussionjs.com/twitter-bootstrap-blog/" "Mozilla/5.0 (Windows NT 6.1; WOW64) AppleWebKit/537.11 (KHTML, like Gecko) Chrome/23.0.1271.97 Safari/537.11"
127.0.0.1 - - [Sun, 06 Jan 2013 01:52:10 GMT] "GET /twitter-bootstrap-blog/assets/ico/favicon.ico HTTP/1.1" 404 - "-" "Mozilla/5.0 (Windows NT 6.1; WOW64) AppleWebKit/537.11 (KHTML, like Gecko) Chrome/23.0.1271.97 Safari/537.11"
127.0.0.1 - - [Sun, 06 Jan 2013 01:52:52 GMT] "GET /twitter-bootstrap-blog/assets/ico/favicon.ico HTTP/1.1" 404 - "-" "Mozilla/5.0 (Windows NT 6.1; WOW64) AppleWebKit/537.11 (KHTML, like Gecko) Chrome/23.0.1271.97 Safari/537.11"
127.0.0.1 - - [Sun, 06 Jan 2013 02:32:04 GMT] "GET /twitter-bootstrap-blog/ HTTP/1.1" 304 - "http://samples.local-concussionjs.com/" "Mozilla/5.0 (Windows NT 6.1; WOW64) AppleWebKit/537.11 (KHTML, like Gecko) Chrome/23.0.1271.97 Safari/537.11"
127.0.0.1 - - [Sun, 06 Jan 2013 02:32:04 GMT] "GET /twitter-bootstrap-blog/assets/css/bootstrap.css HTTP/1.1" 304 - "http://samples.local-concussionjs.com/twitter-bootstrap-blog/" "Mozilla/5.0 (Windows NT 6.1; WOW64) AppleWebKit/537.11 (KHTML, like Gecko) Chrome/23.0.1271.97 Safari/537.11"
127.0.0.1 - - [Sun, 06 Jan 2013 02:32:04 GMT] "GET /twitter-bootstrap-blog/assets/css/styles.css HTTP/1.1" 304 - "http://samples.local-concussionjs.com/twitter-bootstrap-blog/" "Mozilla/5.0 (Windows NT 6.1; WOW64) AppleWebKit/537.11 (KHTML, like Gecko) Chrome/23.0.1271.97 Safari/537.11"
127.0.0.1 - - [Sun, 06 Jan 2013 02:32:05 GMT] "GET /twitter-bootstrap-blog/assets/css/bootstrap-responsive.css HTTP/1.1" 304 - "http://samples.local-concussionjs.com/twitter-bootstrap-blog/" "Mozilla/5.0 (Windows NT 6.1; WOW64) AppleWebKit/537.11 (KHTML, like Gecko) Chrome/23.0.1271.97 Safari/537.11"
127.0.0.1 - - [Sun, 06 Jan 2013 02:32:05 GMT] "GET /twitter-bootstrap-blog/assets/js/bootstrap.js HTTP/1.1" 304 - "http://samples.local-concussionjs.com/twitter-bootstrap-blog/" "Mozilla/5.0 (Windows NT 6.1; WOW64) AppleWebKit/537.11 (KHTML, like Gecko) Chrome/23.0.1271.97 Safari/537.11"
127.0.0.1 - - [Sun, 06 Jan 2013 02:32:06 GMT] "GET /twitter-bootstrap-blog/assets/ico/favicon.ico HTTP/1.1" 404 - "-" "Mozilla/5.0 (Windows NT 6.1; WOW64) AppleWebKit/537.11 (KHTML, like Gecko) Chrome/23.0.1271.97 Safari/537.11"
127.0.0.1 - - [Sun, 06 Jan 2013 03:20:46 GMT] "GET /twitter-bootstrap-blog/ HTTP/1.1" 304 - "http://samples.local-concussionjs.com/" "Mozilla/5.0 (Windows NT 6.1; WOW64) AppleWebKit/537.11 (KHTML, like Gecko) Chrome/23.0.1271.97 Safari/537.11"
127.0.0.1 - - [Sun, 06 Jan 2013 03:20:46 GMT] "GET /twitter-bootstrap-blog/assets/css/bootstrap.css HTTP/1.1" 304 - "http://samples.local-concussionjs.com/twitter-bootstrap-blog/" "Mozilla/5.0 (Windows NT 6.1; WOW64) AppleWebKit/537.11 (KHTML, like Gecko) Chrome/23.0.1271.97 Safari/537.11"
127.0.0.1 - - [Sun, 06 Jan 2013 03:20:46 GMT] "GET /twitter-bootstrap-blog/assets/css/styles.css HTTP/1.1" 304 - "http://samples.local-concussionjs.com/twitter-bootstrap-blog/" "Mozilla/5.0 (Windows NT 6.1; WOW64) AppleWebKit/537.11 (KHTML, like Gecko) Chrome/23.0.1271.97 Safari/537.11"
127.0.0.1 - - [Sun, 06 Jan 2013 03:20:46 GMT] "GET /twitter-bootstrap-blog/assets/css/bootstrap-responsive.css HTTP/1.1" 304 - "http://samples.local-concussionjs.com/twitter-bootstrap-blog/" "Mozilla/5.0 (Windows NT 6.1; WOW64) AppleWebKit/537.11 (KHTML, like Gecko) Chrome/23.0.1271.97 Safari/537.11"
127.0.0.1 - - [Sun, 06 Jan 2013 03:20:46 GMT] "GET /twitter-bootstrap-blog/assets/js/bootstrap.js HTTP/1.1" 304 - "http://samples.local-concussionjs.com/twitter-bootstrap-blog/" "Mozilla/5.0 (Windows NT 6.1; WOW64) AppleWebKit/537.11 (KHTML, like Gecko) Chrome/23.0.1271.97 Safari/537.11"
127.0.0.1 - - [Sun, 06 Jan 2013 03:20:46 GMT] "GET /twitter-bootstrap-blog/assets/img/glyphicons-halflings.png HTTP/1.1" 304 - "http://samples.local-concussionjs.com/twitter-bootstrap-blog/" "Mozilla/5.0 (Windows NT 6.1; WOW64) AppleWebKit/537.11 (KHTML, like Gecko) Chrome/23.0.1271.97 Safari/537.11"
127.0.0.1 - - [Sun, 06 Jan 2013 03:20:46 GMT] "GET /twitter-bootstrap-blog/assets/img/glyphicons-halflings-white.png HTTP/1.1" 304 - "http://samples.local-concussionjs.com/twitter-bootstrap-blog/" "Mozilla/5.0 (Windows NT 6.1; WOW64) AppleWebKit/537.11 (KHTML, like Gecko) Chrome/23.0.1271.97 Safari/537.11"
127.0.0.1 - - [Sun, 06 Jan 2013 03:20:47 GMT] "GET /twitter-bootstrap-blog/assets/ico/favicon.ico HTTP/1.1" 404 - "-" "Mozilla/5.0 (Windows NT 6.1; WOW64) AppleWebKit/537.11 (KHTML, like Gecko) Chrome/23.0.1271.97 Safari/537.11"
127.0.0.1 - - [Sun, 06 Jan 2013 03:30:17 GMT] "GET /twitter-bootstrap-blog/ HTTP/1.1" 304 - "http://samples.local-concussionjs.com/" "Mozilla/5.0 (Windows NT 6.1; WOW64) AppleWebKit/537.11 (KHTML, like Gecko) Chrome/23.0.1271.97 Safari/537.11"
127.0.0.1 - - [Sun, 06 Jan 2013 03:30:17 GMT] "GET /twitter-bootstrap-blog/assets/ico/favicon.ico HTTP/1.1" 404 - "-" "Mozilla/5.0 (Windows NT 6.1; WOW64) AppleWebKit/537.11 (KHTML, like Gecko) Chrome/23.0.1271.97 Safari/537.11"
127.0.0.1 - - [Wed, 09 Jan 2013 04:51:26 GMT] "GET / HTTP/1.1" 200 - "-" "Mozilla/5.0 (Windows NT 6.1; WOW64) AppleWebKit/537.11 (KHTML, like Gecko) Chrome/23.0.1271.97 Safari/537.11"
127.0.0.1 - - [Wed, 09 Jan 2013 04:51:27 GMT] "GET /favicon.ico HTTP/1.1" 404 - "-" "Mozilla/5.0 (Windows NT 6.1; WOW64) AppleWebKit/537.11 (KHTML, like Gecko) Chrome/23.0.1271.97 Safari/537.11"
127.0.0.1 - - [Wed, 09 Jan 2013 04:51:34 GMT] "GET /timesheet HTTP/1.1" 301 - "-" "Mozilla/5.0 (Windows NT 6.1; WOW64) AppleWebKit/537.11 (KHTML, like Gecko) Chrome/23.0.1271.97 Safari/537.11"
127.0.0.1 - - [Wed, 09 Jan 2013 04:51:34 GMT] "GET /timesheet/ HTTP/1.1" 200 - "-" "Mozilla/5.0 (Windows NT 6.1; WOW64) AppleWebKit/537.11 (KHTML, like Gecko) Chrome/23.0.1271.97 Safari/537.11"
127.0.0.1 - - [Wed, 09 Jan 2013 04:51:35 GMT] "GET /timesheet/stylesheets/foundation.min.css HTTP/1.1" 200 - "http://samples.local-concussionjs.com/timesheet/" "Mozilla/5.0 (Windows NT 6.1; WOW64) AppleWebKit/537.11 (KHTML, like Gecko) Chrome/23.0.1271.97 Safari/537.11"
127.0.0.1 - - [Wed, 09 Jan 2013 04:51:35 GMT] "GET /timesheet/stylesheets/app.css HTTP/1.1" 200 - "http://samples.local-concussionjs.com/timesheet/" "Mozilla/5.0 (Windows NT 6.1; WOW64) AppleWebKit/537.11 (KHTML, like Gecko) Chrome/23.0.1271.97 Safari/537.11"
127.0.0.1 - - [Wed, 09 Jan 2013 04:51:35 GMT] "GET /timesheet/javascripts/modernizr.foundation.js HTTP/1.1" 200 - "http://samples.local-concussionjs.com/timesheet/" "Mozilla/5.0 (Windows NT 6.1; WOW64) AppleWebKit/537.11 (KHTML, like Gecko) Chrome/23.0.1271.97 Safari/537.11"
127.0.0.1 - - [Wed, 09 Jan 2013 04:51:35 GMT] "GET /timesheet/javascripts/app.js HTTP/1.1" 200 - "http://samples.local-concussionjs.com/timesheet/" "Mozilla/5.0 (Windows NT 6.1; WOW64) AppleWebKit/537.11 (KHTML, like Gecko) Chrome/23.0.1271.97 Safari/537.11"
127.0.0.1 - - [Wed, 09 Jan 2013 04:51:35 GMT] "GET /timesheet/javascripts/foundation.min.js HTTP/1.1" 200 - "http://samples.local-concussionjs.com/timesheet/" "Mozilla/5.0 (Windows NT 6.1; WOW64) AppleWebKit/537.11 (KHTML, like Gecko) Chrome/23.0.1271.97 Safari/537.11"
127.0.0.1 - - [Wed, 09 Jan 2013 04:51:35 GMT] "GET /timesheet/javascripts/jquery.js HTTP/1.1" 200 - "http://samples.local-concussionjs.com/timesheet/" "Mozilla/5.0 (Windows NT 6.1; WOW64) AppleWebKit/537.11 (KHTML, like Gecko) Chrome/23.0.1271.97 Safari/537.11"
127.0.0.1 - - [Wed, 09 Jan 2013 04:51:36 GMT] "GET /favicon.ico HTTP/1.1" 404 - "-" "Mozilla/5.0 (Windows NT 6.1; WOW64) AppleWebKit/537.11 (KHTML, like Gecko) Chrome/23.0.1271.97 Safari/537.11"
127.0.0.1 - - [Wed, 09 Jan 2013 04:51:49 GMT] "GET /favicon.ico HTTP/1.1" 404 - "-" "Mozilla/5.0 (Windows NT 6.1; WOW64) AppleWebKit/537.11 (KHTML, like Gecko) Chrome/23.0.1271.97 Safari/537.11"
127.0.0.1 - - [Wed, 09 Jan 2013 04:51:55 GMT] "GET /favicon.ico HTTP/1.1" 404 - "-" "Mozilla/5.0 (Windows NT 6.1; WOW64) AppleWebKit/537.11 (KHTML, like Gecko) Chrome/23.0.1271.97 Safari/537.11"
127.0.0.1 - - [Wed, 09 Jan 2013 04:51:56 GMT] "GET /favicon.ico HTTP/1.1" 404 - "-" "Mozilla/5.0 (Windows NT 6.1; WOW64) AppleWebKit/537.11 (KHTML, like Gecko) Chrome/23.0.1271.97 Safari/537.11"
127.0.0.1 - - [Wed, 09 Jan 2013 04:51:57 GMT] "GET /favicon.ico HTTP/1.1" 404 - "-" "Mozilla/5.0 (Windows NT 6.1; WOW64) AppleWebKit/537.11 (KHTML, like Gecko) Chrome/23.0.1271.97 Safari/537.11"
127.0.0.1 - - [Wed, 09 Jan 2013 04:53:24 GMT] "GET /favicon.ico HTTP/1.1" 404 - "-" "Mozilla/5.0 (Windows NT 6.1; WOW64) AppleWebKit/537.11 (KHTML, like Gecko) Chrome/23.0.1271.97 Safari/537.11"
127.0.0.1 - - [Wed, 09 Jan 2013 04:53:28 GMT] "GET /favicon.ico HTTP/1.1" 404 - "-" "Mozilla/5.0 (Windows NT 6.1; WOW64) AppleWebKit/537.11 (KHTML, like Gecko) Chrome/23.0.1271.97 Safari/537.11"
127.0.0.1 - - [Wed, 09 Jan 2013 04:54:42 GMT] "GET /favicon.ico HTTP/1.1" 404 - "-" "Mozilla/5.0 (Windows NT 6.1; WOW64) AppleWebKit/537.11 (KHTML, like Gecko) Chrome/23.0.1271.97 Safari/537.11"
127.0.0.1 - - [Wed, 09 Jan 2013 04:54:53 GMT] "GET /favicon.ico HTTP/1.1" 404 - "-" "Mozilla/5.0 (Windows NT 6.1; WOW64) AppleWebKit/537.11 (KHTML, like Gecko) Chrome/23.0.1271.97 Safari/537.11"
mon : write mon pid to /home/concussed/concussionjs-core/log/samples-mon.pid
mon : child 2959
mon : write pid to /home/concussed/concussionjs-core/log/samples.pid
mon : shutting down
mon : kill(-2958, 15)
mon : bye :)
port: 27017
mon : write mon pid to /home/concussed/concussionjs-core/log/samples-mon.pid
mon : child 32284
mon : write pid to /home/concussed/concussionjs-core/log/samples.pid
mon : shutting down
mon : kill(-32283, 15)
mon : bye :)
port: 27017
mon : write mon pid to /home/concussed/concussionjs-core/log/samples-mon.pid
mon : child 32677
mon : write pid to /home/concussed/concussionjs-core/log/samples.pid
mon : shutting down
mon : kill(-32676, 15)
mon : bye :)
port: 27017
127.0.0.1 - - [Wed, 16 Jan 2013 01:54:19 GMT] "GET / HTTP/1.1" 200 - "-" "Mozilla/5.0 (Windows NT 6.1; WOW64) AppleWebKit/537.17 (KHTML, like Gecko) Chrome/24.0.1312.52 Safari/537.17"
127.0.0.1 - - [Wed, 16 Jan 2013 01:54:19 GMT] "GET /favicon.ico HTTP/1.1" 404 - "-" "Mozilla/5.0 (Windows NT 6.1; WOW64) AppleWebKit/537.17 (KHTML, like Gecko) Chrome/24.0.1312.52 Safari/537.17"
127.0.0.1 - - [Wed, 16 Jan 2013 01:54:21 GMT] "GET /contacts.html HTTP/1.1" 200 - "http://samples.local-concussionjs.com/" "Mozilla/5.0 (Windows NT 6.1; WOW64) AppleWebKit/537.17 (KHTML, like Gecko) Chrome/24.0.1312.52 Safari/537.17"
127.0.0.1 - - [Wed, 16 Jan 2013 01:54:22 GMT] "GET /contacts-style.css HTTP/1.1" 200 - "http://samples.local-concussionjs.com/contacts.html" "Mozilla/5.0 (Windows NT 6.1; WOW64) AppleWebKit/537.17 (KHTML, like Gecko) Chrome/24.0.1312.52 Safari/537.17"
127.0.0.1 - - [Wed, 16 Jan 2013 01:54:22 GMT] "GET /contacts-bg.png HTTP/1.1" 200 174632 "http://samples.local-concussionjs.com/contacts.html" "Mozilla/5.0 (Windows NT 6.1; WOW64) AppleWebKit/537.17 (KHTML, like Gecko) Chrome/24.0.1312.52 Safari/537.17"
127.0.0.1 - - [Wed, 16 Jan 2013 01:54:22 GMT] "GET /favicon.ico HTTP/1.1" 404 - "-" "Mozilla/5.0 (Windows NT 6.1; WOW64) AppleWebKit/537.17 (KHTML, like Gecko) Chrome/24.0.1312.52 Safari/537.17"
127.0.0.1 - - [Wed, 16 Jan 2013 01:54:26 GMT] "GET /favicon.ico HTTP/1.1" 404 - "-" "Mozilla/5.0 (Windows NT 6.1; WOW64) AppleWebKit/537.17 (KHTML, like Gecko) Chrome/24.0.1312.52 Safari/537.17"
127.0.0.1 - - [Wed, 16 Jan 2013 01:54:27 GMT] "GET /twitter-bootstrap-blog HTTP/1.1" 301 - "http://samples.local-concussionjs.com/" "Mozilla/5.0 (Windows NT 6.1; WOW64) AppleWebKit/537.17 (KHTML, like Gecko) Chrome/24.0.1312.52 Safari/537.17"
127.0.0.1 - - [Wed, 16 Jan 2013 01:54:27 GMT] "GET /twitter-bootstrap-blog/ HTTP/1.1" 200 - "http://samples.local-concussionjs.com/" "Mozilla/5.0 (Windows NT 6.1; WOW64) AppleWebKit/537.17 (KHTML, like Gecko) Chrome/24.0.1312.52 Safari/537.17"
127.0.0.1 - - [Wed, 16 Jan 2013 01:54:27 GMT] "GET /twitter-bootstrap-blog/assets/css/bootstrap-responsive.css HTTP/1.1" 200 - "http://samples.local-concussionjs.com/twitter-bootstrap-blog/" "Mozilla/5.0 (Windows NT 6.1; WOW64) AppleWebKit/537.17 (KHTML, like Gecko) Chrome/24.0.1312.52 Safari/537.17"
127.0.0.1 - - [Wed, 16 Jan 2013 01:54:27 GMT] "GET /twitter-bootstrap-blog/assets/css/styles.css HTTP/1.1" 200 - "http://samples.local-concussionjs.com/twitter-bootstrap-blog/" "Mozilla/5.0 (Windows NT 6.1; WOW64) AppleWebKit/537.17 (KHTML, like Gecko) Chrome/24.0.1312.52 Safari/537.17"
127.0.0.1 - - [Wed, 16 Jan 2013 01:54:27 GMT] "GET /twitter-bootstrap-blog/assets/js/bootstrap.js HTTP/1.1" 200 - "http://samples.local-concussionjs.com/twitter-bootstrap-blog/" "Mozilla/5.0 (Windows NT 6.1; WOW64) AppleWebKit/537.17 (KHTML, like Gecko) Chrome/24.0.1312.52 Safari/537.17"
127.0.0.1 - - [Wed, 16 Jan 2013 01:54:27 GMT] "GET /twitter-bootstrap-blog/assets/css/bootstrap.css HTTP/1.1" 200 - "http://samples.local-concussionjs.com/twitter-bootstrap-blog/" "Mozilla/5.0 (Windows NT 6.1; WOW64) AppleWebKit/537.17 (KHTML, like Gecko) Chrome/24.0.1312.52 Safari/537.17"
127.0.0.1 - - [Wed, 16 Jan 2013 01:54:28 GMT] "GET /twitter-bootstrap-blog/assets/img/glyphicons-halflings.png HTTP/1.1" 200 12799 "http://samples.local-concussionjs.com/twitter-bootstrap-blog/" "Mozilla/5.0 (Windows NT 6.1; WOW64) AppleWebKit/537.17 (KHTML, like Gecko) Chrome/24.0.1312.52 Safari/537.17"
127.0.0.1 - - [Wed, 16 Jan 2013 01:54:28 GMT] "GET /twitter-bootstrap-blog/assets/img/glyphicons-halflings-white.png HTTP/1.1" 200 8777 "http://samples.local-concussionjs.com/twitter-bootstrap-blog/" "Mozilla/5.0 (Windows NT 6.1; WOW64) AppleWebKit/537.17 (KHTML, like Gecko) Chrome/24.0.1312.52 Safari/537.17"
127.0.0.1 - - [Wed, 16 Jan 2013 01:54:28 GMT] "GET /twitter-bootstrap-blog/assets/ico/favicon.ico HTTP/1.1" 404 - "-" "Mozilla/5.0 (Windows NT 6.1; WOW64) AppleWebKit/537.17 (KHTML, like Gecko) Chrome/24.0.1312.52 Safari/537.17"
127.0.0.1 - - [Wed, 16 Jan 2013 01:59:29 GMT] "GET /favicon.ico HTTP/1.1" 404 - "-" "Mozilla/5.0 (Windows NT 6.1; WOW64) AppleWebKit/537.17 (KHTML, like Gecko) Chrome/24.0.1312.52 Safari/537.17"
127.0.0.1 - - [Wed, 16 Jan 2013 01:59:30 GMT] "GET /contacts.html HTTP/1.1" 304 - "http://samples.local-concussionjs.com/" "Mozilla/5.0 (Windows NT 6.1; WOW64) AppleWebKit/537.17 (KHTML, like Gecko) Chrome/24.0.1312.52 Safari/537.17"
127.0.0.1 - - [Wed, 16 Jan 2013 01:59:30 GMT] "GET /contacts-style.css HTTP/1.1" 304 - "http://samples.local-concussionjs.com/contacts.html" "Mozilla/5.0 (Windows NT 6.1; WOW64) AppleWebKit/537.17 (KHTML, like Gecko) Chrome/24.0.1312.52 Safari/537.17"
127.0.0.1 - - [Wed, 16 Jan 2013 01:59:31 GMT] "GET /favicon.ico HTTP/1.1" 404 - "-" "Mozilla/5.0 (Windows NT 6.1; WOW64) AppleWebKit/537.17 (KHTML, like Gecko) Chrome/24.0.1312.52 Safari/537.17"
127.0.0.1 - - [Wed, 16 Jan 2013 01:59:43 GMT] "GET /favicon.ico HTTP/1.1" 404 - "-" "Mozilla/5.0 (Windows NT 6.1; WOW64) AppleWebKit/537.17 (KHTML, like Gecko) Chrome/24.0.1312.52 Safari/537.17"
127.0.0.1 - - [Wed, 16 Jan 2013 01:59:43 GMT] "GET /favicon.ico HTTP/1.1" 404 - "-" "Mozilla/5.0 (Windows NT 6.1; WOW64) AppleWebKit/537.17 (KHTML, like Gecko) Chrome/24.0.1312.52 Safari/537.17"
127.0.0.1 - - [Wed, 16 Jan 2013 02:00:17 GMT] "GET / HTTP/1.1" 200 - "-" "Mozilla/5.0 (Windows NT 6.1; WOW64) AppleWebKit/537.17 (KHTML, like Gecko) Chrome/24.0.1312.52 Safari/537.17"
127.0.0.1 - - [Wed, 16 Jan 2013 02:00:17 GMT] "GET /favicon.ico HTTP/1.1" 404 - "-" "Mozilla/5.0 (Windows NT 6.1; WOW64) AppleWebKit/537.17 (KHTML, like Gecko) Chrome/24.0.1312.52 Safari/537.17"
127.0.0.1 - - [Wed, 16 Jan 2013 02:00:23 GMT] "GET /favicon.ico HTTP/1.1" 404 - "-" "Mozilla/5.0 (Windows NT 6.1; WOW64) AppleWebKit/537.17 (KHTML, like Gecko) Chrome/24.0.1312.52 Safari/537.17"
127.0.0.1 - - [Wed, 16 Jan 2013 02:00:45 GMT] "GET /twitter-bootstrap-blog/ HTTP/1.1" 304 - "http://samples.local-concussionjs.com/" "Mozilla/5.0 (Windows NT 6.1; WOW64) AppleWebKit/537.17 (KHTML, like Gecko) Chrome/24.0.1312.52 Safari/537.17"
127.0.0.1 - - [Wed, 16 Jan 2013 02:00:45 GMT] "GET /twitter-bootstrap-blog/assets/css/bootstrap.css HTTP/1.1" 304 - "http://samples.local-concussionjs.com/twitter-bootstrap-blog/" "Mozilla/5.0 (Windows NT 6.1; WOW64) AppleWebKit/537.17 (KHTML, like Gecko) Chrome/24.0.1312.52 Safari/537.17"
127.0.0.1 - - [Wed, 16 Jan 2013 02:00:45 GMT] "GET /twitter-bootstrap-blog/assets/css/styles.css HTTP/1.1" 304 - "http://samples.local-concussionjs.com/twitter-bootstrap-blog/" "Mozilla/5.0 (Windows NT 6.1; WOW64) AppleWebKit/537.17 (KHTML, like Gecko) Chrome/24.0.1312.52 Safari/537.17"
127.0.0.1 - - [Wed, 16 Jan 2013 02:00:45 GMT] "GET /twitter-bootstrap-blog/assets/js/bootstrap.js HTTP/1.1" 304 - "http://samples.local-concussionjs.com/twitter-bootstrap-blog/" "Mozilla/5.0 (Windows NT 6.1; WOW64) AppleWebKit/537.17 (KHTML, like Gecko) Chrome/24.0.1312.52 Safari/537.17"
127.0.0.1 - - [Wed, 16 Jan 2013 02:00:45 GMT] "GET /twitter-bootstrap-blog/assets/css/bootstrap-responsive.css HTTP/1.1" 304 - "http://samples.local-concussionjs.com/twitter-bootstrap-blog/" "Mozilla/5.0 (Windows NT 6.1; WOW64) AppleWebKit/537.17 (KHTML, like Gecko) Chrome/24.0.1312.52 Safari/537.17"
127.0.0.1 - - [Wed, 16 Jan 2013 02:00:46 GMT] "GET /twitter-bootstrap-blog/assets/ico/favicon.ico HTTP/1.1" 404 - "-" "Mozilla/5.0 (Windows NT 6.1; WOW64) AppleWebKit/537.17 (KHTML, like Gecko) Chrome/24.0.1312.52 Safari/537.17"
127.0.0.1 - - [Wed, 16 Jan 2013 02:03:14 GMT] "GET /twitter-bootstrap-blog/assets/ico/favicon.ico HTTP/1.1" 404 - "-" "Mozilla/5.0 (Windows NT 6.1; WOW64) AppleWebKit/537.17 (KHTML, like Gecko) Chrome/24.0.1312.52 Safari/537.17"
127.0.0.1 - - [Sun, 20 Jan 2013 07:32:20 GMT] "GET /twitter-bootstrap-blog/ HTTP/1.1" 304 - "http://samples.concussionjs.com/" "Mozilla/5.0 (Windows NT 6.1; WOW64) AppleWebKit/537.17 (KHTML, like Gecko) Chrome/24.0.1312.52 Safari/537.17"
127.0.0.1 - - [Sun, 20 Jan 2013 07:32:20 GMT] "GET /twitter-bootstrap-blog/assets/css/bootstrap.css HTTP/1.1" 304 - "http://samples.local-concussionjs.com/twitter-bootstrap-blog/" "Mozilla/5.0 (Windows NT 6.1; WOW64) AppleWebKit/537.17 (KHTML, like Gecko) Chrome/24.0.1312.52 Safari/537.17"
127.0.0.1 - - [Sun, 20 Jan 2013 07:32:21 GMT] "GET /twitter-bootstrap-blog/assets/css/styles.css HTTP/1.1" 304 - "http://samples.local-concussionjs.com/twitter-bootstrap-blog/" "Mozilla/5.0 (Windows NT 6.1; WOW64) AppleWebKit/537.17 (KHTML, like Gecko) Chrome/24.0.1312.52 Safari/537.17"
127.0.0.1 - - [Sun, 20 Jan 2013 07:32:21 GMT] "GET /twitter-bootstrap-blog/assets/css/bootstrap-responsive.css HTTP/1.1" 304 - "http://samples.local-concussionjs.com/twitter-bootstrap-blog/" "Mozilla/5.0 (Windows NT 6.1; WOW64) AppleWebKit/537.17 (KHTML, like Gecko) Chrome/24.0.1312.52 Safari/537.17"
127.0.0.1 - - [Sun, 20 Jan 2013 07:32:21 GMT] "GET /twitter-bootstrap-blog/assets/js/bootstrap.js HTTP/1.1" 304 - "http://samples.local-concussionjs.com/twitter-bootstrap-blog/" "Mozilla/5.0 (Windows NT 6.1; WOW64) AppleWebKit/537.17 (KHTML, like Gecko) Chrome/24.0.1312.52 Safari/537.17"
127.0.0.1 - - [Sun, 20 Jan 2013 07:32:21 GMT] "GET /twitter-bootstrap-blog/assets/img/glyphicons-halflings.png HTTP/1.1" 304 - "http://samples.local-concussionjs.com/twitter-bootstrap-blog/" "Mozilla/5.0 (Windows NT 6.1; WOW64) AppleWebKit/537.17 (KHTML, like Gecko) Chrome/24.0.1312.52 Safari/537.17"
127.0.0.1 - - [Sun, 20 Jan 2013 07:32:21 GMT] "GET /twitter-bootstrap-blog/assets/img/glyphicons-halflings-white.png HTTP/1.1" 304 - "http://samples.local-concussionjs.com/twitter-bootstrap-blog/" "Mozilla/5.0 (Windows NT 6.1; WOW64) AppleWebKit/537.17 (KHTML, like Gecko) Chrome/24.0.1312.52 Safari/537.17"
127.0.0.1 - - [Sun, 20 Jan 2013 07:32:21 GMT] "GET /twitter-bootstrap-blog/assets/ico/favicon.ico HTTP/1.1" 404 - "-" "Mozilla/5.0 (Windows NT 6.1; WOW64) AppleWebKit/537.17 (KHTML, like Gecko) Chrome/24.0.1312.52 Safari/537.17"
